<?xml version="1.0" encoding="UTF-8"?>
<!-- Generated by org.testng.reporters.JUnitReportReporter -->
<testsuite skipped="0" hostname="Admin-PC" name="com.Test.BookMyShow_Test" tests="1" failures="0" timestamp="06 Jan 2021 12:15:50 GMT" time="156.124" errors="0">
  <testcase name="selectCity" time="156.124" classname="com.Test.BookMyShow_Test"/>
</testsuite> <!-- com.Test.BookMyShow_Test -->
