<?xml version="1.0" encoding="UTF-8"?>
<!-- Generated by org.testng.reporters.JUnitReportReporter -->
<testsuite skipped="0" hostname="Admin-PC" name="com.Test.moviesTest" tests="1" failures="0" timestamp="07 Jan 2021 12:23:30 GMT" time="15.493" errors="0">
  <testcase name="searchMovies" time="15.493" classname="com.Test.moviesTest"/>
</testsuite> <!-- com.Test.moviesTest -->
